# JRE version: OpenJDK Runtime Environment GraalVM CE 22.3.0 (17.0.5+8) (build 17.0.5+8-jvmci-22.3-b08)
# Java VM: OpenJDK 64-Bit Server VM GraalVM CE 22.3.0 (17.0.5+8-jvmci-22.3-b08, mixed mode, sharing, tiered, jvmci, jvmci compiler, compressed oops, compressed class ptrs, parallel gc, linux-amd64)
GC Precious Log:
 CPUs: 8 total, 1 available
 Memory: 1024M
 Large Page Support: Disabled
 NUMA Support: Disabled
 Compressed Oops: Enabled (32-bit)
 Alignments: Space 512K, Generation 512K, Heap 2M
 Heap Min Capacity: 100M
 Heap Initial Capacity: 100M
 Heap Max Capacity: 512M
 Pre-touch: Disabled
 Parallel Workers: 1
Heap:
 PSYoungGen      total 94720K, used 36864K [0x00000000f5580000, 0x00000000feb80000, 0x0000000100000000)
  eden space 36864K, 100% used [0x00000000f5580000,0x00000000f7980000,0x00000000f7980000)
  from space 57856K, 0% used [0x00000000f7980000,0x00000000f7980000,0x00000000fb200000)
  to   space 34816K, 0% used [0x00000000fb200000,0x00000000fb200000,0x00000000fd400000)
 ParOldGen       total 349696K, used 349695K [0x00000000e0000000, 0x00000000f5580000, 0x00000000f5580000)
  object space 349696K, 99% used [0x00000000e0000000,0x00000000f557fec0,0x00000000f5580000)
 Metaspace       used 61650K, committed 62848K, reserved 1105920K
  class space    used 6005K, committed 6464K, reserved 1048576K
GC Heap History (20 events):
Event: 693.673 GC heap before
{Heap before GC invocations=625 (full 553):
 PSYoungGen      total 94720K, used 36863K [0x00000000f5580000, 0x00000000feb80000, 0x0000000100000000)
  eden space 36864K, 99% used [0x00000000f5580000,0x00000000f797ffb8,0x00000000f7980000)
  from space 57856K, 0% used [0x00000000f7980000,0x00000000f7980000,0x00000000fb200000)
  to   space 34816K, 0% used [0x00000000fb200000,0x00000000fb200000,0x00000000fd400000)
 ParOldGen       total 349696K, used 349695K [0x00000000e0000000, 0x00000000f5580000, 0x00000000f5580000)
  object space 349696K, 99% used [0x00000000e0000000,0x00000000f557ffa0,0x00000000f5580000)
 Metaspace       used 61650K, committed 62848K, reserved 1105920K
  class space    used 6005K, committed 6464K, reserved 1048576K
}
Event: 694.776 GC heap after
{Heap after GC invocations=625 (full 553):
 PSYoungGen      total 71680K, used 36863K [0x00000000f5580000, 0x00000000feb80000, 0x0000000100000000)
  eden space 36864K, 99% used [0x00000000f5580000,0x00000000f797ffb8,0x00000000f7980000)
  from space 34816K, 0% used [0x00000000fb200000,0x00000000fb200000,0x00000000fd400000)
  to   space 57856K, 0% used [0x00000000f7980000,0x00000000f7980000,0x00000000fb200000)
 ParOldGen       total 349696K, used 349695K [0x00000000e0000000, 0x00000000f5580000, 0x00000000f5580000)
  object space 349696K, 99% used [0x00000000e0000000,0x00000000f557ffa0,0x00000000f5580000)
 Metaspace       used 61650K, committed 62848K, reserved 1105920K
  class space    used 6005K, committed 6464K, reserved 1048576K
}
Event: 694.776 GC heap before
{Heap before GC invocations=626 (full 554):
 PSYoungGen      total 71680K, used 36863K [0x00000000f5580000, 0x00000000feb80000, 0x0000000100000000)
  eden space 36864K, 99% used [0x00000000f5580000,0x00000000f797fff0,0x00000000f7980000)
  from space 34816K, 0% used [0x00000000fb200000,0x00000000fb200000,0x00000000fd400000)
  to   space 57856K, 0% used [0x00000000f7980000,0x00000000f7980000,0x00000000fb200000)
 ParOldGen       total 349696K, used 349695K [0x00000000e0000000, 0x00000000f5580000, 0x00000000f5580000)
  object space 349696K, 99% used [0x00000000e0000000,0x00000000f557fff8,0x00000000f5580000)
 Metaspace       used 61650K, committed 62848K, reserved 1105920K
  class space    used 6005K, committed 6464K, reserved 1048576K
}
Event: 695.917 GC heap after
{Heap after GC invocations=626 (full 554):
 PSYoungGen      total 94720K, used 36863K [0x00000000f5580000, 0x00000000feb80000, 0x0000000100000000)
  eden space 36864K, 99% used [0x00000000f5580000,0x00000000f797ff88,0x00000000f7980000)
  from space 57856K, 0% used [0x00000000f7980000,0x00000000f7980000,0x00000000fb200000)
  to   space 34816K, 0% used [0x00000000fb200000,0x00000000fb200000,0x00000000fd400000)
 ParOldGen       total 349696K, used 349693K [0x00000000e0000000, 0x00000000f5580000, 0x00000000f5580000)
  object space 349696K, 99% used [0x00000000e0000000,0x00000000f557f7c8,0x00000000f5580000)
 Metaspace       used 61650K, committed 62848K, reserved 1105920K
  class space    used 6005K, committed 6464K, reserved 1048576K
}
Event: 695.918 GC heap before
{Heap before GC invocations=627 (full 555):
 PSYoungGen      total 94720K, used 36863K [0x00000000f5580000, 0x00000000feb80000, 0x0000000100000000)
  eden space 36864K, 99% used [0x00000000f5580000,0x00000000f797fff8,0x00000000f7980000)
  from space 57856K, 0% used [0x00000000f7980000,0x00000000f7980000,0x00000000fb200000)
  to   space 34816K, 0% used [0x00000000fb200000,0x00000000fb200000,0x00000000fd400000)
 ParOldGen       total 349696K, used 349693K [0x00000000e0000000, 0x00000000f5580000, 0x00000000f5580000)
  object space 349696K, 99% used [0x00000000e0000000,0x00000000f557f7c8,0x00000000f5580000)
 Metaspace       used 61650K, committed 62848K, reserved 1105920K
  class space    used 6005K, committed 6464K, reserved 1048576K
}
Event: 697.189 GC heap after
{Heap after GC invocations=627 (full 555):
 PSYoungGen      total 71680K, used 36863K [0x00000000f5580000, 0x00000000feb80000, 0x0000000100000000)
  eden space 36864K, 99% used [0x00000000f5580000,0x00000000f797ffc0,0x00000000f7980000)
  from space 34816K, 0% used [0x00000000fb200000,0x00000000fb200000,0x00000000fd400000)
  to   space 57856K, 0% used [0x00000000f7980000,0x00000000f7980000,0x00000000fb200000)
 ParOldGen       total 349696K, used 349693K [0x00000000e0000000, 0x00000000f5580000, 0x00000000f5580000)
  object space 349696K, 99% used [0x00000000e0000000,0x00000000f557f638,0x00000000f5580000)
 Metaspace       used 61650K, committed 62848K, reserved 1105920K
  class space    used 6005K, committed 6464K, reserved 1048576K
}
Event: 697.189 GC heap before
{Heap before GC invocations=628 (full 556):
 PSYoungGen      total 71680K, used 36863K [0x00000000f5580000, 0x00000000feb80000, 0x0000000100000000)
  eden space 36864K, 99% used [0x00000000f5580000,0x00000000f797fff8,0x00000000f7980000)
  from space 34816K, 0% used [0x00000000fb200000,0x00000000fb200000,0x00000000fd400000)
  to   space 57856K, 0% used [0x00000000f7980000,0x00000000f7980000,0x00000000fb200000)
 ParOldGen       total 349696K, used 349693K [0x00000000e0000000, 0x00000000f5580000, 0x00000000f5580000)
  object space 349696K, 99% used [0x00000000e0000000,0x00000000f557f638,0x00000000f5580000)
 Metaspace       used 61650K, committed 62848K, reserved 1105920K
  class space    used 6005K, committed 6464K, reserved 1048576K
}
Event: 698.397 GC heap after
{Heap after GC invocations=628 (full 556):
 PSYoungGen      total 94720K, used 36863K [0x00000000f5580000, 0x00000000feb80000, 0x0000000100000000)
  eden space 36864K, 99% used [0x00000000f5580000,0x00000000f797ffe8,0x00000000f7980000)
  from space 57856K, 0% used [0x00000000f7980000,0x00000000f7980000,0x00000000fb200000)
  to   space 34816K, 0% used [0x00000000fb200000,0x00000000fb200000,0x00000000fd400000)
 ParOldGen       total 349696K, used 349693K [0x00000000e0000000, 0x00000000f5580000, 0x00000000f5580000)
  object space 349696K, 99% used [0x00000000e0000000,0x00000000f557f638,0x00000000f5580000)
 Metaspace       used 61650K, committed 62848K, reserved 1105920K
  class space    used 6005K, committed 6464K, reserved 1048576K
}
Event: 698.397 GC heap before
{Heap before GC invocations=629 (full 557):
 PSYoungGen      total 94720K, used 36863K [0x00000000f5580000, 0x00000000feb80000, 0x0000000100000000)
  eden space 36864K, 99% used [0x00000000f5580000,0x00000000f797fff8,0x00000000f7980000)
  from space 57856K, 0% used [0x00000000f7980000,0x00000000f7980000,0x00000000fb200000)
  to   space 34816K, 0% used [0x00000000fb200000,0x00000000fb200000,0x00000000fd400000)
 ParOldGen       total 349696K, used 349693K [0x00000000e0000000, 0x00000000f5580000, 0x00000000f5580000)
  object space 349696K, 99% used [0x00000000e0000000,0x00000000f557f638,0x00000000f5580000)
 Metaspace       used 61650K, committed 62848K, reserved 1105920K
  class space    used 6005K, committed 6464K, reserved 1048576K
}
Event: 699.510 GC heap after
{Heap after GC invocations=629 (full 557):
 PSYoungGen      total 71680K, used 36863K [0x00000000f5580000, 0x00000000feb80000, 0x0000000100000000)
  eden space 36864K, 99% used [0x00000000f5580000,0x00000000f797ffe8,0x00000000f7980000)
  from space 34816K, 0% used [0x00000000fb200000,0x00000000fb200000,0x00000000fd400000)
  to   space 57856K, 0% used [0x00000000f7980000,0x00000000f7980000,0x00000000fb200000)
 ParOldGen       total 349696K, used 349693K [0x00000000e0000000, 0x00000000f5580000, 0x00000000f5580000)
  object space 349696K, 99% used [0x00000000e0000000,0x00000000f557f638,0x00000000f5580000)
 Metaspace       used 61650K, committed 62848K, reserved 1105920K
  class space    used 6005K, committed 6464K, reserved 1048576K
}
Event: 699.510 GC heap before
{Heap before GC invocations=630 (full 558):
 PSYoungGen      total 71680K, used 36863K [0x00000000f5580000, 0x00000000feb80000, 0x0000000100000000)
  eden space 36864K, 99% used [0x00000000f5580000,0x00000000f797fff8,0x00000000f7980000)
  from space 34816K, 0% used [0x00000000fb200000,0x00000000fb200000,0x00000000fd400000)
  to   space 57856K, 0% used [0x00000000f7980000,0x00000000f7980000,0x00000000fb200000)
 ParOldGen       total 349696K, used 349693K [0x00000000e0000000, 0x00000000f5580000, 0x00000000f5580000)
  object space 349696K, 99% used [0x00000000e0000000,0x00000000f557f638,0x00000000f5580000)
 Metaspace       used 61650K, committed 62848K, reserved 1105920K
  class space    used 6005K, committed 6464K, reserved 1048576K
}
Event: 700.599 GC heap after
{Heap after GC invocations=630 (full 558):
 PSYoungGen      total 94720K, used 36863K [0x00000000f5580000, 0x00000000feb80000, 0x0000000100000000)
  eden space 36864K, 99% used [0x00000000f5580000,0x00000000f797ffe8,0x00000000f7980000)
  from space 57856K, 0% used [0x00000000f7980000,0x00000000f7980000,0x00000000fb200000)
  to   space 34816K, 0% used [0x00000000fb200000,0x00000000fb200000,0x00000000fd400000)
 ParOldGen       total 349696K, used 349693K [0x00000000e0000000, 0x00000000f5580000, 0x00000000f5580000)
  object space 349696K, 99% used [0x00000000e0000000,0x00000000f557f638,0x00000000f5580000)
 Metaspace       used 61650K, committed 62848K, reserved 1105920K
  class space    used 6005K, committed 6464K, reserved 1048576K
}
Event: 700.599 GC heap before
{Heap before GC invocations=631 (full 559):
 PSYoungGen      total 94720K, used 36864K [0x00000000f5580000, 0x00000000feb80000, 0x0000000100000000)
  eden space 36864K, 100% used [0x00000000f5580000,0x00000000f7980000,0x00000000f7980000)
  from space 57856K, 0% used [0x00000000f7980000,0x00000000f7980000,0x00000000fb200000)
  to   space 34816K, 0% used [0x00000000fb200000,0x00000000fb200000,0x00000000fd400000)
 ParOldGen       total 349696K, used 349693K [0x00000000e0000000, 0x00000000f5580000, 0x00000000f5580000)
  object space 349696K, 99% used [0x00000000e0000000,0x00000000f557f638,0x00000000f5580000)
 Metaspace       used 61650K, committed 62848K, reserved 1105920K
  class space    used 6005K, committed 6464K, reserved 1048576K
}
Event: 701.603 GC heap after
{Heap after GC invocations=631 (full 559):
 PSYoungGen      total 71680K, used 36864K [0x00000000f5580000, 0x00000000feb80000, 0x0000000100000000)
  eden space 36864K, 100% used [0x00000000f5580000,0x00000000f7980000,0x00000000f7980000)
  from space 34816K, 0% used [0x00000000fb200000,0x00000000fb200000,0x00000000fd400000)
  to   space 57856K, 0% used [0x00000000f7980000,0x00000000f7980000,0x00000000fb200000)
 ParOldGen       total 349696K, used 349693K [0x00000000e0000000, 0x00000000f5580000, 0x00000000f5580000)
  object space 349696K, 99% used [0x00000000e0000000,0x00000000f557f638,0x00000000f5580000)
 Metaspace       used 61650K, committed 62848K, reserved 1105920K
  class space    used 6005K, committed 6464K, reserved 1048576K
}
Event: 701.603 GC heap before
{Heap before GC invocations=632 (full 560):
 PSYoungGen      total 71680K, used 36864K [0x00000000f5580000, 0x00000000feb80000, 0x0000000100000000)
  eden space 36864K, 100% used [0x00000000f5580000,0x00000000f7980000,0x00000000f7980000)
  from space 34816K, 0% used [0x00000000fb200000,0x00000000fb200000,0x00000000fd400000)
  to   space 57856K, 0% used [0x00000000f7980000,0x00000000f7980000,0x00000000fb200000)
 ParOldGen       total 349696K, used 349694K [0x00000000e0000000, 0x00000000f5580000, 0x00000000f5580000)
  object space 349696K, 99% used [0x00000000e0000000,0x00000000f557fb70,0x00000000f5580000)
 Metaspace       used 61650K, committed 62848K, reserved 1105920K
  class space    used 6005K, committed 6464K, reserved 1048576K
}
Event: 702.714 GC heap after
{Heap after GC invocations=632 (full 560):
 PSYoungGen      total 94720K, used 36864K [0x00000000f5580000, 0x00000000feb80000, 0x0000000100000000)
  eden space 36864K, 100% used [0x00000000f5580000,0x00000000f7980000,0x00000000f7980000)
  from space 57856K, 0% used [0x00000000f7980000,0x00000000f7980000,0x00000000fb200000)
  to   space 34816K, 0% used [0x00000000fb200000,0x00000000fb200000,0x00000000fd400000)
 ParOldGen       total 349696K, used 349694K [0x00000000e0000000, 0x00000000f5580000, 0x00000000f5580000)
  object space 349696K, 99% used [0x00000000e0000000,0x00000000f557f910,0x00000000f5580000)
 Metaspace       used 61650K, committed 62848K, reserved 1105920K
  class space    used 6005K, committed 6464K, reserved 1048576K
}
Event: 702.717 GC heap before
{Heap before GC invocations=633 (full 561):
 PSYoungGen      total 94720K, used 36864K [0x00000000f5580000, 0x00000000feb80000, 0x0000000100000000)
  eden space 36864K, 100% used [0x00000000f5580000,0x00000000f7980000,0x00000000f7980000)
  from space 57856K, 0% used [0x00000000f7980000,0x00000000f7980000,0x00000000fb200000)
  to   space 34816K, 0% used [0x00000000fb200000,0x00000000fb200000,0x00000000fd400000)
 ParOldGen       total 349696K, used 349694K [0x00000000e0000000, 0x00000000f5580000, 0x00000000f5580000)
  object space 349696K, 99% used [0x00000000e0000000,0x00000000f557fa28,0x00000000f5580000)
 Metaspace       used 61650K, committed 62848K, reserved 1105920K
  class space    used 6005K, committed 6464K, reserved 1048576K
}
Event: 703.934 GC heap after
{Heap after GC invocations=633 (full 561):
 PSYoungGen      total 71680K, used 36863K [0x00000000f5580000, 0x00000000feb80000, 0x0000000100000000)
  eden space 36864K, 99% used [0x00000000f5580000,0x00000000f797ffe0,0x00000000f7980000)
  from space 34816K, 0% used [0x00000000fb200000,0x00000000fb200000,0x00000000fd400000)
  to   space 57856K, 0% used [0x00000000f7980000,0x00000000f7980000,0x00000000fb200000)
 ParOldGen       total 349696K, used 349694K [0x00000000e0000000, 0x00000000f5580000, 0x00000000f5580000)
  object space 349696K, 99% used [0x00000000e0000000,0x00000000f557f928,0x00000000f5580000)
 Metaspace       used 61650K, committed 62848K, reserved 1105920K
  class space    used 6005K, committed 6464K, reserved 1048576K
}
Event: 703.934 GC heap before
{Heap before GC invocations=634 (full 562):
 PSYoungGen      total 71680K, used 36863K [0x00000000f5580000, 0x00000000feb80000, 0x0000000100000000)
  eden space 36864K, 99% used [0x00000000f5580000,0x00000000f797ffe0,0x00000000f7980000)
  from space 34816K, 0% used [0x00000000fb200000,0x00000000fb200000,0x00000000fd400000)
  to   space 57856K, 0% used [0x00000000f7980000,0x00000000f7980000,0x00000000fb200000)
 ParOldGen       total 349696K, used 349694K [0x00000000e0000000, 0x00000000f5580000, 0x00000000f5580000)
  object space 349696K, 99% used [0x00000000e0000000,0x00000000f557f928,0x00000000f5580000)
 Metaspace       used 61650K, committed 62848K, reserved 1105920K
  class space    used 6005K, committed 6464K, reserved 1048576K
}
Event: 705.297 GC heap after
{Heap after GC invocations=634 (full 562):
 PSYoungGen      total 94720K, used 36863K [0x00000000f5580000, 0x00000000feb80000, 0x0000000100000000)
  eden space 36864K, 99% used [0x00000000f5580000,0x00000000f797ffe0,0x00000000f7980000)
  from space 57856K, 0% used [0x00000000f7980000,0x00000000f7980000,0x00000000fb200000)
  to   space 34816K, 0% used [0x00000000fb200000,0x00000000fb200000,0x00000000fd400000)
 ParOldGen       total 349696K, used 349694K [0x00000000e0000000, 0x00000000f5580000, 0x00000000f5580000)
  object space 349696K, 99% used [0x00000000e0000000,0x00000000f557f928,0x00000000f5580000)
 Metaspace       used 61650K, committed 62848K, reserved 1105920K
  class space    used 6005K, committed 6464K, reserved 1048576K
}

